No GPU/TPU found, falling back to CPU. (Set TF_CPP_MIN_LOG_LEVEL=0 and rerun for more info.)
No GPU/TPU found, falling back to CPU. (Set TF_CPP_MIN_LOG_LEVEL=0 and rerun for more info.)
No GPU/TPU found, falling back to CPU. (Set TF_CPP_MIN_LOG_LEVEL=0 and rerun for more info.)
No GPU/TPU found, falling back to CPU. (Set TF_CPP_MIN_LOG_LEVEL=0 and rerun for more info.)
No GPU/TPU found, falling back to CPU. (Set TF_CPP_MIN_LOG_LEVEL=0 and rerun for more info.)
No GPU/TPU found, falling back to CPU. (Set TF_CPP_MIN_LOG_LEVEL=0 and rerun for more info.)
No GPU/TPU found, falling back to CPU. (Set TF_CPP_MIN_LOG_LEVEL=0 and rerun for more info.)
No GPU/TPU found, falling back to CPU. (Set TF_CPP_MIN_LOG_LEVEL=0 and rerun for more info.)
No GPU/TPU found, falling back to CPU. (Set TF_CPP_MIN_LOG_LEVEL=0 and rerun for more info.)
No GPU/TPU found, falling back to CPU. (Set TF_CPP_MIN_LOG_LEVEL=0 and rerun for more info.)
No GPU/TPU found, falling back to CPU. (Set TF_CPP_MIN_LOG_LEVEL=0 and rerun for more info.)
Traceback (most recent call last):
Traceback (most recent call last):
  File "/home/vtac/NODE_diffusion/fem/sample_GPs.py", line 15, in <module>
Traceback (most recent call last):
  File "/home/vtac/NODE_diffusion/fem/sample_GPs.py", line 15, in <module>
Traceback (most recent call last):
  File "/home/vtac/NODE_diffusion/fem/sample_GPs.py", line 15, in <module>
Traceback (most recent call last):
  File "/home/vtac/NODE_diffusion/fem/sample_GPs.py", line 15, in <module>
  File "/home/vtac/NODE_diffusion/fem/sample_GPs.py", line 15, in <module>
    from mat_models import MR, mn_sigma_vmap as mn_sigma
ModuleNotFoundError: No module named 'mat_models'
    from mat_models import MR, mn_sigma_vmap as mn_sigma
    from mat_models import MR, mn_sigma_vmap as mn_sigma
ModuleNotFoundError: No module named 'mat_models'
    from mat_models import MR, mn_sigma_vmap as mn_sigma
ModuleNotFoundError: No module named 'mat_models'
ModuleNotFoundError: No module named 'mat_models'
    from mat_models import MR, mn_sigma_vmap as mn_sigma
ModuleNotFoundError: No module named 'mat_models'
Traceback (most recent call last):
Traceback (most recent call last):
  File "/home/vtac/NODE_diffusion/fem/sample_GPs.py", line 15, in <module>
  File "/home/vtac/NODE_diffusion/fem/sample_GPs.py", line 15, in <module>
Traceback (most recent call last):
Traceback (most recent call last):
  File "/home/vtac/NODE_diffusion/fem/sample_GPs.py", line 15, in <module>
  File "/home/vtac/NODE_diffusion/fem/sample_GPs.py", line 15, in <module>
Traceback (most recent call last):
  File "/home/vtac/NODE_diffusion/fem/sample_GPs.py", line 15, in <module>
Traceback (most recent call last):
  File "/home/vtac/NODE_diffusion/fem/sample_GPs.py", line 15, in <module>
    from mat_models import MR, mn_sigma_vmap as mn_sigma
ModuleNotFoundError: No module named 'mat_models'
    from mat_models import MR, mn_sigma_vmap as mn_sigma
    from mat_models import MR, mn_sigma_vmap as mn_sigma
    from mat_models import MR, mn_sigma_vmap as mn_sigma
    from mat_models import MR, mn_sigma_vmap as mn_sigma
ModuleNotFoundError: No module named 'mat_models'
    from mat_models import MR, mn_sigma_vmap as mn_sigma
ModuleNotFoundError: No module named 'mat_models'
ModuleNotFoundError: No module named 'mat_models'
ModuleNotFoundError: No module named 'mat_models'
ModuleNotFoundError: No module named 'mat_models'
srun: error: brown-a427: task 0: Exited with exit code 1
srun: Job 20076316 step creation temporarily disabled, retrying (Requested nodes are busy)
srun: Step created for StepId=20076316.11
srun: error: brown-a426: task 0: Exited with exit code 1
srun: error: brown-a426: task 0: Exited with exit code 1
srun: error: brown-a427: task 0: Exited with exit code 1
srun: error: brown-a426: task 0: Exited with exit code 1
srun: error: brown-a426: task 0: Exited with exit code 1
srun: error: brown-a426: task 0: Exited with exit code 1
srun: error: brown-a427: task 0: Exited with exit code 1
srun: error: brown-a427: task 0: Exited with exit code 1
srun: error: brown-a427: task 0: Exited with exit code 1
srun: error: brown-a427: task 0: Exited with exit code 1
No GPU/TPU found, falling back to CPU. (Set TF_CPP_MIN_LOG_LEVEL=0 and rerun for more info.)
Traceback (most recent call last):
  File "/home/vtac/NODE_diffusion/fem/sample_GPs.py", line 15, in <module>
    from mat_models import MR, mn_sigma_vmap as mn_sigma
ModuleNotFoundError: No module named 'mat_models'
srun: error: brown-a427: task 0: Exited with exit code 1
